[2020-04-20 11:40:02,671] multiqc                                            [DEBUG  ]  No MultiQC config found: /bioinfo/users/vlaroche/.conda/envs/chipseq/lib/python3.7/site-packages/multiqc_config.yaml
[2020-04-20 11:40:02,671] multiqc                                            [DEBUG  ]  No MultiQC config found: /data/users/vlaroche/.multiqc_config.yaml
[2020-04-20 11:40:02,700] multiqc                                            [DEBUG  ]  Loading config settings from: multiqc_config.yaml
[2020-04-20 11:40:02,701] multiqc                                            [DEBUG  ]  New config 'read_count_multiplier': 1e-06
[2020-04-20 11:40:02,701] multiqc                                            [DEBUG  ]  New config 'read_count_prefix': M
[2020-04-20 11:40:02,701] multiqc                                            [DEBUG  ]  New config 'read_count_desc': millions
[2020-04-20 11:40:02,701] multiqc                                            [DEBUG  ]  Added to filename patterns: {'my_stats': {'fn': '*.stats'}}
[2020-04-20 11:40:02,701] multiqc                                            [DEBUG  ]  New config 'module_order': ['fastqc', {'samtools': None, 'path_filters_exclude': ['*_spike*']}, {'picard': None, 'path_filters_exclude': ['*_spike*']}, 'preseq', 'deeptools', 'featureCounts']
[2020-04-20 11:40:02,701] multiqc                                            [DEBUG  ]  New config 'report_section_order': {'strand_shift_correlation': {'order': -1200}, 'NSC_coefficient': {'order': -1300}, 'RSC_coefficient': {'order': -1400}, 'peak_count': {'order': -1000}, 'frip_score': {'order': -1100}, 'peak_annotation': {'order': -1500}}
[2020-04-20 11:40:02,702] multiqc                                            [DEBUG  ]  New config 'plots_force_interactive': True
[2020-04-20 11:40:02,705] multiqc                                            [DEBUG  ]  Loading config settings from: multiqc-config-header.yaml
[2020-04-20 11:40:02,705] multiqc                                            [DEBUG  ]  New config 'title': Chip-seq
[2020-04-20 11:40:02,705] multiqc                                            [DEBUG  ]  New config 'subtitle': Institut Curie NGS/Bioinformatics core facilities
[2020-04-20 11:40:02,705] multiqc                                            [DEBUG  ]  New config 'intro_text': This report has been generated by the Chip-seq analysis pipeline (v1.0dev)

[2020-04-20 11:40:02,705] multiqc                                            [DEBUG  ]  New config 'report_comment': This software is currently under active development and the results have been generated with a non stable version. The reliability, reproducibility and the quality of the results are therefore not guaranteed.

[2020-04-20 11:40:02,706] multiqc                                            [DEBUG  ]  New config 'custom_logo': /bioinfo/users/vlaroche/Documents/chip-seq/assets/institut_curie.png
[2020-04-20 11:40:02,706] multiqc                                            [DEBUG  ]  New config 'custom_logo_title': Institut Curie
[2020-04-20 11:40:02,706] multiqc                                            [DEBUG  ]  New config 'custom_logo_url': https://science.curie.fr/plateformes/sequencage-adn-haut-debit-ngs/
[2020-04-20 11:40:02,706] multiqc                                            [DEBUG  ]  New config 'report_header_info': [{'Application type': 'mRNA-seq'}, {'Contact E-mail': 'ngs.lab@curie.fr'}]
[2020-04-20 11:40:02,715] multiqc                                            [DEBUG  ]  Loading config settings from: multiqc_config.yaml
[2020-04-20 11:40:02,715] multiqc                                            [DEBUG  ]  New config 'read_count_multiplier': 1e-06
[2020-04-20 11:40:02,715] multiqc                                            [DEBUG  ]  New config 'read_count_prefix': M
[2020-04-20 11:40:02,715] multiqc                                            [DEBUG  ]  New config 'read_count_desc': millions
[2020-04-20 11:40:02,715] multiqc                                            [DEBUG  ]  Added to filename patterns: {'my_stats': {'fn': '*.stats'}}
[2020-04-20 11:40:02,715] multiqc                                            [DEBUG  ]  New config 'module_order': ['fastqc', {'samtools': None, 'path_filters_exclude': ['*_spike*']}, {'picard': None, 'path_filters_exclude': ['*_spike*']}, 'preseq', 'deeptools', 'featureCounts']
[2020-04-20 11:40:02,715] multiqc                                            [DEBUG  ]  New config 'report_section_order': {'strand_shift_correlation': {'order': -1200}, 'NSC_coefficient': {'order': -1300}, 'RSC_coefficient': {'order': -1400}, 'peak_count': {'order': -1000}, 'frip_score': {'order': -1100}, 'peak_annotation': {'order': -1500}}
[2020-04-20 11:40:02,715] multiqc                                            [DEBUG  ]  New config 'plots_force_interactive': True
[2020-04-20 11:40:02,716] multiqc                                            [DEBUG  ]  Command used: /data/users/vlaroche/.conda/envs/chipseq/bin/multiqc . -f -c multiqc-config-header.yaml -m custom_content -m fastqc -m preseq -m phantompeakqualtools -m deeptools -m macs2 -m homer -m featureCounts -c multiqc_config.yaml -s
[2020-04-20 11:40:03,081] multiqc                                            [DEBUG  ]  Latest MultiQC version is v1.8
[2020-04-20 11:40:03,081] multiqc                                            [INFO   ]  Not cleaning sample names
[2020-04-20 11:40:03,081] multiqc                                            [INFO   ]  This is MultiQC v1.8
[2020-04-20 11:40:03,082] multiqc                                            [DEBUG  ]  Command     : /data/users/vlaroche/.conda/envs/chipseq/bin/multiqc . -f -c multiqc-config-header.yaml -m custom_content -m fastqc -m preseq -m phantompeakqualtools -m deeptools -m macs2 -m homer -m featureCounts -c multiqc_config.yaml -s
[2020-04-20 11:40:03,082] multiqc                                            [DEBUG  ]  Working dir : /bioinfo/users/vlaroche/Documents/chip-seq/work/c2/2674e5833b6d237ab1070fb0005911
[2020-04-20 11:40:03,082] multiqc                                            [INFO   ]  Template    : default
[2020-04-20 11:40:03,082] multiqc                                            [DEBUG  ]  Running Python 3.7.1 | packaged by conda-forge | (default, Feb 18 2019, 01:42:00)  [GCC 7.3.0]
[2020-04-20 11:40:03,082] multiqc                                            [INFO   ]  Report title: Chip-seq
[2020-04-20 11:40:03,082] multiqc                                            [INFO   ]  Searching   : /bioinfo/users/vlaroche/Documents/chip-seq/work/c2/2674e5833b6d237ab1070fb0005911
[2020-04-20 11:40:03,082] multiqc                                            [INFO   ]  Only using modules custom_content, fastqc, preseq, phantompeakqualtools, deeptools, macs2, homer, featureCounts
[2020-04-20 11:40:03,082] multiqc                                            [DEBUG  ]  Analysing modules: custom_content, homer, macs2, phantompeakqualtools, fastqc, preseq, deeptools, featureCounts
[2020-04-20 11:40:03,082] multiqc                                            [DEBUG  ]  Using temporary directory for creating report: /scratch/4721991.torque6.curie.fr/tmph0iltjzt
[2020-04-20 11:40:03,643] multiqc                                            [DEBUG  ]  Ignored 180 search patterns as didn't match running modules.
[2020-04-20 11:40:04,612] multiqc                                            [DEBUG  ]  Ignoring file as matched an ignore pattern: A949C11.R1_fastqc.html
[2020-04-20 11:40:04,613] multiqc                                            [DEBUG  ]  Ignoring file as matched an ignore pattern: A949C08.R1_fastqc.html
[2020-04-20 11:40:04,613] multiqc                                            [DEBUG  ]  Ignoring file as matched an ignore pattern: A949C05.R1_fastqc.html
[2020-04-20 11:40:04,613] multiqc                                            [DEBUG  ]  Ignoring file as matched an ignore pattern: A949C02.R1_fastqc.html
[2020-04-20 11:40:06,974] multiqc.plots.bargraph                             [DEBUG  ]  Using matplotlib version 3.1.1
[2020-04-20 11:40:06,991] multiqc.plots.linegraph                            [DEBUG  ]  Using matplotlib version 3.1.1
[2020-04-20 11:40:07,092] multiqc.modules.custom_content.custom_content      [INFO   ]  summary: Found 1 sample (html)
[2020-04-20 11:40:07,093] multiqc.modules.custom_content.custom_content      [INFO   ]  summary: Found 1229 samples (html)
[2020-04-20 11:40:07,096] multiqc.modules.custom_content.custom_content      [INFO   ]  frip_score: Found 3 samples (bargraph)
[2020-04-20 11:40:07,096] multiqc.modules.custom_content.custom_content      [INFO   ]  peak_count: Found 3 samples (bargraph)
[2020-04-20 11:40:07,096] multiqc.modules.custom_content.custom_content      [INFO   ]  RSC_coefficient: Found 4 samples (bargraph)
[2020-04-20 11:40:07,101] multiqc.modules.custom_content.custom_content      [INFO   ]  strand_shift_correlation: Found 4 samples (linegraph)
[2020-04-20 11:40:07,101] multiqc.modules.custom_content.custom_content      [INFO   ]  NSC_coefficient: Found 4 samples (bargraph)
[2020-04-20 11:40:07,101] multiqc.modules.custom_content.custom_content      [INFO   ]  Chip-seq pipeline software versions: Found 1 sample (html)
[2020-04-20 11:40:07,101] multiqc.modules.custom_content.custom_content      [INFO   ]  Chip-seq pipeline software versions: Found 658 samples (html)
[2020-04-20 11:40:07,159] multiqc                                            [DEBUG  ]  No samples found: homer
[2020-04-20 11:40:07,190] multiqc                                            [DEBUG  ]  No samples found: macs2
[2020-04-20 11:40:07,231] multiqc.modules.phantompeakqualtools.phantompeakqualtools [INFO   ]  Found 4 logs
[2020-04-20 11:40:07,397] multiqc.modules.fastqc.fastqc                      [INFO   ]  Found 4 reports
[2020-04-20 11:40:07,636] multiqc.modules.preseq.preseq                      [INFO   ]  Found 8 reports
[2020-04-20 11:40:08,064] multiqc                                            [DEBUG  ]  No samples found: deeptools
[2020-04-20 11:40:08,099] multiqc                                            [DEBUG  ]  No samples found: featureCounts
[2020-04-20 11:40:08,099] multiqc                                            [DEBUG  ]  Reordering sections: anchor 'peak_annotation' not found.
[2020-04-20 11:40:08,099] multiqc                                            [DEBUG  ]  Reordering sections: anchor 'strand_shift_correlation' not found for module 'Workflow Summary'.
[2020-04-20 11:40:08,099] multiqc                                            [DEBUG  ]  Reordering sections: anchor 'NSC_coefficient' not found for module 'Workflow Summary'.
[2020-04-20 11:40:08,099] multiqc                                            [DEBUG  ]  Reordering sections: anchor 'RSC_coefficient' not found for module 'Workflow Summary'.
[2020-04-20 11:40:08,099] multiqc                                            [DEBUG  ]  Reordering sections: anchor 'peak_count' not found for module 'Workflow Summary'.
[2020-04-20 11:40:08,099] multiqc                                            [DEBUG  ]  Reordering sections: anchor 'frip_score' not found for module 'Workflow Summary'.
[2020-04-20 11:40:08,099] multiqc                                            [DEBUG  ]  Reordering sections: anchor 'peak_annotation' not found for module 'Workflow Summary'.
[2020-04-20 11:40:08,099] multiqc                                            [DEBUG  ]  Reordering sections: anchor 'strand_shift_correlation' not found for module 'Software Versions'.
[2020-04-20 11:40:08,099] multiqc                                            [DEBUG  ]  Reordering sections: anchor 'NSC_coefficient' not found for module 'Software Versions'.
[2020-04-20 11:40:08,099] multiqc                                            [DEBUG  ]  Reordering sections: anchor 'RSC_coefficient' not found for module 'Software Versions'.
[2020-04-20 11:40:08,099] multiqc                                            [DEBUG  ]  Reordering sections: anchor 'peak_count' not found for module 'Software Versions'.
[2020-04-20 11:40:08,099] multiqc                                            [DEBUG  ]  Reordering sections: anchor 'frip_score' not found for module 'Software Versions'.
[2020-04-20 11:40:08,100] multiqc                                            [DEBUG  ]  Reordering sections: anchor 'peak_annotation' not found for module 'Software Versions'.
[2020-04-20 11:40:08,100] multiqc                                            [DEBUG  ]  Reordering sections: anchor 'strand_shift_correlation' not found for module 'phantompeakqualtools'.
[2020-04-20 11:40:08,100] multiqc                                            [DEBUG  ]  Reordering sections: anchor 'NSC_coefficient' not found for module 'phantompeakqualtools'.
[2020-04-20 11:40:08,100] multiqc                                            [DEBUG  ]  Reordering sections: anchor 'RSC_coefficient' not found for module 'phantompeakqualtools'.
[2020-04-20 11:40:08,100] multiqc                                            [DEBUG  ]  Reordering sections: anchor 'peak_count' not found for module 'phantompeakqualtools'.
[2020-04-20 11:40:08,100] multiqc                                            [DEBUG  ]  Reordering sections: anchor 'frip_score' not found for module 'phantompeakqualtools'.
[2020-04-20 11:40:08,100] multiqc                                            [DEBUG  ]  Reordering sections: anchor 'peak_annotation' not found for module 'phantompeakqualtools'.
[2020-04-20 11:40:08,100] multiqc                                            [DEBUG  ]  Reordering sections: anchor 'strand_shift_correlation' not found for module 'FastQC'.
[2020-04-20 11:40:08,100] multiqc                                            [DEBUG  ]  Reordering sections: anchor 'NSC_coefficient' not found for module 'FastQC'.
[2020-04-20 11:40:08,100] multiqc                                            [DEBUG  ]  Reordering sections: anchor 'RSC_coefficient' not found for module 'FastQC'.
[2020-04-20 11:40:08,100] multiqc                                            [DEBUG  ]  Reordering sections: anchor 'peak_count' not found for module 'FastQC'.
[2020-04-20 11:40:08,100] multiqc                                            [DEBUG  ]  Reordering sections: anchor 'frip_score' not found for module 'FastQC'.
[2020-04-20 11:40:08,100] multiqc                                            [DEBUG  ]  Reordering sections: anchor 'peak_annotation' not found for module 'FastQC'.
[2020-04-20 11:40:08,100] multiqc                                            [DEBUG  ]  Reordering sections: anchor 'strand_shift_correlation' not found for module 'Preseq'.
[2020-04-20 11:40:08,100] multiqc                                            [DEBUG  ]  Reordering sections: anchor 'NSC_coefficient' not found for module 'Preseq'.
[2020-04-20 11:40:08,100] multiqc                                            [DEBUG  ]  Reordering sections: anchor 'RSC_coefficient' not found for module 'Preseq'.
[2020-04-20 11:40:08,101] multiqc                                            [DEBUG  ]  Reordering sections: anchor 'peak_count' not found for module 'Preseq'.
[2020-04-20 11:40:08,101] multiqc                                            [DEBUG  ]  Reordering sections: anchor 'frip_score' not found for module 'Preseq'.
[2020-04-20 11:40:08,101] multiqc                                            [DEBUG  ]  Reordering sections: anchor 'peak_annotation' not found for module 'Preseq'.
[2020-04-20 11:40:08,101] multiqc                                            [DEBUG  ]  Reordering sections: anchor 'strand_shift_correlation' not found for module 'MACS2: Peak count'.
[2020-04-20 11:40:08,101] multiqc                                            [DEBUG  ]  Reordering sections: anchor 'NSC_coefficient' not found for module 'MACS2: Peak count'.
[2020-04-20 11:40:08,101] multiqc                                            [DEBUG  ]  Reordering sections: anchor 'RSC_coefficient' not found for module 'MACS2: Peak count'.
[2020-04-20 11:40:08,101] multiqc                                            [DEBUG  ]  Reordering sections: anchor 'peak_count' not found for module 'MACS2: Peak count'.
[2020-04-20 11:40:08,101] multiqc                                            [DEBUG  ]  Reordering sections: anchor 'frip_score' not found for module 'MACS2: Peak count'.
[2020-04-20 11:40:08,101] multiqc                                            [DEBUG  ]  Reordering sections: anchor 'peak_annotation' not found for module 'MACS2: Peak count'.
[2020-04-20 11:40:08,101] multiqc                                            [DEBUG  ]  Reordering sections: anchor 'strand_shift_correlation' not found for module 'MACS2: Peak FRiP score'.
[2020-04-20 11:40:08,101] multiqc                                            [DEBUG  ]  Reordering sections: anchor 'NSC_coefficient' not found for module 'MACS2: Peak FRiP score'.
[2020-04-20 11:40:08,101] multiqc                                            [DEBUG  ]  Reordering sections: anchor 'RSC_coefficient' not found for module 'MACS2: Peak FRiP score'.
[2020-04-20 11:40:08,101] multiqc                                            [DEBUG  ]  Reordering sections: anchor 'peak_count' not found for module 'MACS2: Peak FRiP score'.
[2020-04-20 11:40:08,101] multiqc                                            [DEBUG  ]  Reordering sections: anchor 'frip_score' not found for module 'MACS2: Peak FRiP score'.
[2020-04-20 11:40:08,101] multiqc                                            [DEBUG  ]  Reordering sections: anchor 'peak_annotation' not found for module 'MACS2: Peak FRiP score'.
[2020-04-20 11:40:08,101] multiqc                                            [DEBUG  ]  Reordering sections: anchor 'strand_shift_correlation' not found for module 'Strand-shift correlation plot'.
[2020-04-20 11:40:08,101] multiqc                                            [DEBUG  ]  Reordering sections: anchor 'NSC_coefficient' not found for module 'Strand-shift correlation plot'.
[2020-04-20 11:40:08,101] multiqc                                            [DEBUG  ]  Reordering sections: anchor 'RSC_coefficient' not found for module 'Strand-shift correlation plot'.
[2020-04-20 11:40:08,102] multiqc                                            [DEBUG  ]  Reordering sections: anchor 'peak_count' not found for module 'Strand-shift correlation plot'.
[2020-04-20 11:40:08,102] multiqc                                            [DEBUG  ]  Reordering sections: anchor 'frip_score' not found for module 'Strand-shift correlation plot'.
[2020-04-20 11:40:08,102] multiqc                                            [DEBUG  ]  Reordering sections: anchor 'peak_annotation' not found for module 'Strand-shift correlation plot'.
[2020-04-20 11:40:08,102] multiqc                                            [DEBUG  ]  Reordering sections: anchor 'strand_shift_correlation' not found for module 'NSC coefficient'.
[2020-04-20 11:40:08,102] multiqc                                            [DEBUG  ]  Reordering sections: anchor 'NSC_coefficient' not found for module 'NSC coefficient'.
[2020-04-20 11:40:08,102] multiqc                                            [DEBUG  ]  Reordering sections: anchor 'RSC_coefficient' not found for module 'NSC coefficient'.
[2020-04-20 11:40:08,102] multiqc                                            [DEBUG  ]  Reordering sections: anchor 'peak_count' not found for module 'NSC coefficient'.
[2020-04-20 11:40:08,102] multiqc                                            [DEBUG  ]  Reordering sections: anchor 'frip_score' not found for module 'NSC coefficient'.
[2020-04-20 11:40:08,102] multiqc                                            [DEBUG  ]  Reordering sections: anchor 'peak_annotation' not found for module 'NSC coefficient'.
[2020-04-20 11:40:08,102] multiqc                                            [DEBUG  ]  Reordering sections: anchor 'strand_shift_correlation' not found for module 'RSC coefficient'.
[2020-04-20 11:40:08,102] multiqc                                            [DEBUG  ]  Reordering sections: anchor 'NSC_coefficient' not found for module 'RSC coefficient'.
[2020-04-20 11:40:08,102] multiqc                                            [DEBUG  ]  Reordering sections: anchor 'RSC_coefficient' not found for module 'RSC coefficient'.
[2020-04-20 11:40:08,102] multiqc                                            [DEBUG  ]  Reordering sections: anchor 'peak_count' not found for module 'RSC coefficient'.
[2020-04-20 11:40:08,102] multiqc                                            [DEBUG  ]  Reordering sections: anchor 'frip_score' not found for module 'RSC coefficient'.
[2020-04-20 11:40:08,102] multiqc                                            [DEBUG  ]  Reordering sections: anchor 'peak_annotation' not found for module 'RSC coefficient'.
[2020-04-20 11:40:08,115] multiqc                                            [INFO   ]  Compressing plot data
[2020-04-20 11:40:08,761] multiqc                                            [INFO   ]  Report      : multiqc_report.html
[2020-04-20 11:40:08,761] multiqc                                            [INFO   ]  Data        : multiqc_data
[2020-04-20 11:40:08,763] multiqc                                            [DEBUG  ]  Moving data file from '/scratch/4721991.torque6.curie.fr/tmph0iltjzt/multiqc_data/multiqc_phantompeakqualtools.txt' to '/bioinfo/users/vlaroche/Documents/chip-seq/work/c2/2674e5833b6d237ab1070fb0005911/multiqc_data'
[2020-04-20 11:40:08,770] multiqc                                            [DEBUG  ]  Moving data file from '/scratch/4721991.torque6.curie.fr/tmph0iltjzt/multiqc_data/multiqc_fastqc.txt' to '/bioinfo/users/vlaroche/Documents/chip-seq/work/c2/2674e5833b6d237ab1070fb0005911/multiqc_data'
[2020-04-20 11:40:08,776] multiqc                                            [DEBUG  ]  Moving data file from '/scratch/4721991.torque6.curie.fr/tmph0iltjzt/multiqc_data/multiqc_general_stats.txt' to '/bioinfo/users/vlaroche/Documents/chip-seq/work/c2/2674e5833b6d237ab1070fb0005911/multiqc_data'
[2020-04-20 11:40:08,783] multiqc                                            [DEBUG  ]  Moving data file from '/scratch/4721991.torque6.curie.fr/tmph0iltjzt/multiqc_data/multiqc_sources.txt' to '/bioinfo/users/vlaroche/Documents/chip-seq/work/c2/2674e5833b6d237ab1070fb0005911/multiqc_data'
[2020-04-20 11:40:08,789] multiqc                                            [DEBUG  ]  Moving data file from '/scratch/4721991.torque6.curie.fr/tmph0iltjzt/multiqc_data/multiqc_data.json' to '/bioinfo/users/vlaroche/Documents/chip-seq/work/c2/2674e5833b6d237ab1070fb0005911/multiqc_data'
[2020-04-20 11:40:10,338] multiqc                                            [INFO   ]  MultiQC complete
