[2020-04-20 13:48:58,595] multiqc                                            [DEBUG  ]  No MultiQC config found: /bioinfo/users/vlaroche/.conda/envs/chipseq/lib/python3.7/site-packages/multiqc_config.yaml
[2020-04-20 13:48:58,596] multiqc                                            [DEBUG  ]  No MultiQC config found: /data/users/vlaroche/.multiqc_config.yaml
[2020-04-20 13:48:58,605] multiqc                                            [DEBUG  ]  Loading config settings from: multiqc_config.yaml
[2020-04-20 13:48:58,606] multiqc                                            [DEBUG  ]  New config 'read_count_multiplier': 1e-06
[2020-04-20 13:48:58,606] multiqc                                            [DEBUG  ]  New config 'read_count_prefix': M
[2020-04-20 13:48:58,606] multiqc                                            [DEBUG  ]  New config 'read_count_desc': millions
[2020-04-20 13:48:58,606] multiqc                                            [DEBUG  ]  Added to filename patterns: {'my_stats': {'fn': '*.stats'}}
[2020-04-20 13:48:58,606] multiqc                                            [DEBUG  ]  New config 'module_order': ['fastqc', {'samtools': None, 'path_filters_exclude': ['*_spike*']}, {'picard': None, 'path_filters_exclude': ['*_spike*']}, 'preseq', 'deeptools', 'featureCounts']
[2020-04-20 13:48:58,606] multiqc                                            [DEBUG  ]  New config 'report_section_order': {'strand_shift_correlation': {'order': -1200}, 'NSC_coefficient': {'order': -1300}, 'RSC_coefficient': {'order': -1400}, 'peak_count': {'order': -1000}, 'frip_score': {'order': -1100}, 'peak_annotation': {'order': -1500}}
[2020-04-20 13:48:58,606] multiqc                                            [DEBUG  ]  New config 'plots_force_interactive': True
[2020-04-20 13:48:58,609] multiqc                                            [DEBUG  ]  Loading config settings from: multiqc-config-header.yaml
[2020-04-20 13:48:58,609] multiqc                                            [DEBUG  ]  New config 'title': Chip-seq
[2020-04-20 13:48:58,609] multiqc                                            [DEBUG  ]  New config 'subtitle': Institut Curie NGS/Bioinformatics core facilities
[2020-04-20 13:48:58,609] multiqc                                            [DEBUG  ]  New config 'intro_text': This report has been generated by the Chip-seq analysis pipeline (v1.0dev)

[2020-04-20 13:48:58,610] multiqc                                            [DEBUG  ]  New config 'report_comment': This software is currently under active development and the results have been generated with a non stable version. The reliability, reproducibility and the quality of the results are therefore not guaranteed.

[2020-04-20 13:48:58,610] multiqc                                            [DEBUG  ]  New config 'custom_logo': /bioinfo/users/vlaroche/Documents/chip-seq/assets/institut_curie.png
[2020-04-20 13:48:58,610] multiqc                                            [DEBUG  ]  New config 'custom_logo_title': Institut Curie
[2020-04-20 13:48:58,610] multiqc                                            [DEBUG  ]  New config 'custom_logo_url': https://science.curie.fr/plateformes/sequencage-adn-haut-debit-ngs/
[2020-04-20 13:48:58,610] multiqc                                            [DEBUG  ]  New config 'report_header_info': [{'Application type': 'mRNA-seq'}, {'Contact E-mail': 'ngs.lab@curie.fr'}]
[2020-04-20 13:48:58,619] multiqc                                            [DEBUG  ]  Loading config settings from: multiqc_config.yaml
[2020-04-20 13:48:58,619] multiqc                                            [DEBUG  ]  New config 'read_count_multiplier': 1e-06
[2020-04-20 13:48:58,619] multiqc                                            [DEBUG  ]  New config 'read_count_prefix': M
[2020-04-20 13:48:58,619] multiqc                                            [DEBUG  ]  New config 'read_count_desc': millions
[2020-04-20 13:48:58,619] multiqc                                            [DEBUG  ]  Added to filename patterns: {'my_stats': {'fn': '*.stats'}}
[2020-04-20 13:48:58,619] multiqc                                            [DEBUG  ]  New config 'module_order': ['fastqc', {'samtools': None, 'path_filters_exclude': ['*_spike*']}, {'picard': None, 'path_filters_exclude': ['*_spike*']}, 'preseq', 'deeptools', 'featureCounts']
[2020-04-20 13:48:58,620] multiqc                                            [DEBUG  ]  New config 'report_section_order': {'strand_shift_correlation': {'order': -1200}, 'NSC_coefficient': {'order': -1300}, 'RSC_coefficient': {'order': -1400}, 'peak_count': {'order': -1000}, 'frip_score': {'order': -1100}, 'peak_annotation': {'order': -1500}}
[2020-04-20 13:48:58,620] multiqc                                            [DEBUG  ]  New config 'plots_force_interactive': True
[2020-04-20 13:48:58,620] multiqc                                            [DEBUG  ]  Command used: /data/users/vlaroche/.conda/envs/chipseq/bin/multiqc . -f -c multiqc-config-header.yaml -m custom_content -m fastqc -m preseq -m phantompeakqualtools -m deeptools -m macs2 -m homer -m featureCounts -c multiqc_config.yaml -s
[2020-04-20 13:48:58,887] multiqc                                            [DEBUG  ]  Latest MultiQC version is v1.8
[2020-04-20 13:48:58,887] multiqc                                            [INFO   ]  Not cleaning sample names
[2020-04-20 13:48:58,887] multiqc                                            [INFO   ]  This is MultiQC v1.8
[2020-04-20 13:48:58,887] multiqc                                            [DEBUG  ]  Command     : /data/users/vlaroche/.conda/envs/chipseq/bin/multiqc . -f -c multiqc-config-header.yaml -m custom_content -m fastqc -m preseq -m phantompeakqualtools -m deeptools -m macs2 -m homer -m featureCounts -c multiqc_config.yaml -s
[2020-04-20 13:48:58,887] multiqc                                            [DEBUG  ]  Working dir : /bioinfo/users/vlaroche/Documents/chip-seq/work/07/fb3f0cadeea3c520073d691b43c5da
[2020-04-20 13:48:58,887] multiqc                                            [INFO   ]  Template    : default
[2020-04-20 13:48:58,887] multiqc                                            [DEBUG  ]  Running Python 3.7.1 | packaged by conda-forge | (default, Feb 18 2019, 01:42:00)  [GCC 7.3.0]
[2020-04-20 13:48:58,887] multiqc                                            [INFO   ]  Report title: Chip-seq
[2020-04-20 13:48:58,888] multiqc                                            [INFO   ]  Searching   : /bioinfo/users/vlaroche/Documents/chip-seq/work/07/fb3f0cadeea3c520073d691b43c5da
[2020-04-20 13:48:58,888] multiqc                                            [INFO   ]  Only using modules custom_content, fastqc, preseq, phantompeakqualtools, deeptools, macs2, homer, featureCounts
[2020-04-20 13:48:58,888] multiqc                                            [DEBUG  ]  Analysing modules: custom_content, homer, macs2, phantompeakqualtools, fastqc, preseq, deeptools, featureCounts
[2020-04-20 13:48:58,888] multiqc                                            [DEBUG  ]  Using temporary directory for creating report: /scratch/4722311.torque6.curie.fr/tmplcl0uf0_
[2020-04-20 13:48:58,984] multiqc                                            [DEBUG  ]  Ignored 180 search patterns as didn't match running modules.
[2020-04-20 13:48:59,863] multiqc                                            [DEBUG  ]  Ignoring file as matched an ignore pattern: A949C11.R1_fastqc.html
[2020-04-20 13:48:59,863] multiqc                                            [DEBUG  ]  Ignoring file as matched an ignore pattern: A949C08.R1_fastqc.html
[2020-04-20 13:48:59,864] multiqc                                            [DEBUG  ]  Ignoring file as matched an ignore pattern: A949C05.R1_fastqc.html
[2020-04-20 13:48:59,864] multiqc                                            [DEBUG  ]  Ignoring file as matched an ignore pattern: A949C02.R1_fastqc.html
[2020-04-20 13:49:00,261] multiqc.plots.bargraph                             [DEBUG  ]  Using matplotlib version 3.1.1
[2020-04-20 13:49:00,262] multiqc.plots.linegraph                            [DEBUG  ]  Using matplotlib version 3.1.1
[2020-04-20 13:49:00,357] multiqc.modules.custom_content.custom_content      [INFO   ]  summary: Found 1 sample (html)
[2020-04-20 13:49:00,358] multiqc.modules.custom_content.custom_content      [INFO   ]  summary: Found 1222 samples (html)
[2020-04-20 13:49:00,361] multiqc.modules.custom_content.custom_content      [INFO   ]  frip_score: Found 3 samples (bargraph)
[2020-04-20 13:49:00,361] multiqc.modules.custom_content.custom_content      [INFO   ]  peak_count: Found 3 samples (bargraph)
[2020-04-20 13:49:00,361] multiqc.modules.custom_content.custom_content      [INFO   ]  RSC_coefficient: Found 4 samples (bargraph)
[2020-04-20 13:49:00,365] multiqc.modules.custom_content.custom_content      [INFO   ]  strand_shift_correlation: Found 4 samples (linegraph)
[2020-04-20 13:49:00,366] multiqc.modules.custom_content.custom_content      [INFO   ]  NSC_coefficient: Found 4 samples (bargraph)
[2020-04-20 13:49:00,366] multiqc.modules.custom_content.custom_content      [INFO   ]  Chip-seq pipeline software versions: Found 1 sample (html)
[2020-04-20 13:49:00,366] multiqc.modules.custom_content.custom_content      [INFO   ]  Chip-seq pipeline software versions: Found 658 samples (html)
[2020-04-20 13:49:00,375] multiqc                                            [DEBUG  ]  No samples found: homer
[2020-04-20 13:49:00,382] multiqc                                            [DEBUG  ]  No samples found: macs2
[2020-04-20 13:49:00,392] multiqc.modules.phantompeakqualtools.phantompeakqualtools [INFO   ]  Found 4 logs
[2020-04-20 13:49:00,515] multiqc.modules.fastqc.fastqc                      [INFO   ]  Found 4 reports
[2020-04-20 13:49:00,707] multiqc.modules.preseq.preseq                      [INFO   ]  Found 8 reports
[2020-04-20 13:49:00,882] multiqc                                            [DEBUG  ]  No samples found: deeptools
[2020-04-20 13:49:00,888] multiqc                                            [DEBUG  ]  No samples found: featureCounts
[2020-04-20 13:49:00,888] multiqc                                            [DEBUG  ]  Reordering sections: anchor 'peak_annotation' not found.
[2020-04-20 13:49:00,888] multiqc                                            [DEBUG  ]  Reordering sections: anchor 'strand_shift_correlation' not found for module 'Workflow Summary'.
[2020-04-20 13:49:00,888] multiqc                                            [DEBUG  ]  Reordering sections: anchor 'NSC_coefficient' not found for module 'Workflow Summary'.
[2020-04-20 13:49:00,888] multiqc                                            [DEBUG  ]  Reordering sections: anchor 'RSC_coefficient' not found for module 'Workflow Summary'.
[2020-04-20 13:49:00,888] multiqc                                            [DEBUG  ]  Reordering sections: anchor 'peak_count' not found for module 'Workflow Summary'.
[2020-04-20 13:49:00,888] multiqc                                            [DEBUG  ]  Reordering sections: anchor 'frip_score' not found for module 'Workflow Summary'.
[2020-04-20 13:49:00,888] multiqc                                            [DEBUG  ]  Reordering sections: anchor 'peak_annotation' not found for module 'Workflow Summary'.
[2020-04-20 13:49:00,888] multiqc                                            [DEBUG  ]  Reordering sections: anchor 'strand_shift_correlation' not found for module 'Software Versions'.
[2020-04-20 13:49:00,888] multiqc                                            [DEBUG  ]  Reordering sections: anchor 'NSC_coefficient' not found for module 'Software Versions'.
[2020-04-20 13:49:00,888] multiqc                                            [DEBUG  ]  Reordering sections: anchor 'RSC_coefficient' not found for module 'Software Versions'.
[2020-04-20 13:49:00,888] multiqc                                            [DEBUG  ]  Reordering sections: anchor 'peak_count' not found for module 'Software Versions'.
[2020-04-20 13:49:00,889] multiqc                                            [DEBUG  ]  Reordering sections: anchor 'frip_score' not found for module 'Software Versions'.
[2020-04-20 13:49:00,889] multiqc                                            [DEBUG  ]  Reordering sections: anchor 'peak_annotation' not found for module 'Software Versions'.
[2020-04-20 13:49:00,889] multiqc                                            [DEBUG  ]  Reordering sections: anchor 'strand_shift_correlation' not found for module 'phantompeakqualtools'.
[2020-04-20 13:49:00,889] multiqc                                            [DEBUG  ]  Reordering sections: anchor 'NSC_coefficient' not found for module 'phantompeakqualtools'.
[2020-04-20 13:49:00,889] multiqc                                            [DEBUG  ]  Reordering sections: anchor 'RSC_coefficient' not found for module 'phantompeakqualtools'.
[2020-04-20 13:49:00,889] multiqc                                            [DEBUG  ]  Reordering sections: anchor 'peak_count' not found for module 'phantompeakqualtools'.
[2020-04-20 13:49:00,889] multiqc                                            [DEBUG  ]  Reordering sections: anchor 'frip_score' not found for module 'phantompeakqualtools'.
[2020-04-20 13:49:00,889] multiqc                                            [DEBUG  ]  Reordering sections: anchor 'peak_annotation' not found for module 'phantompeakqualtools'.
[2020-04-20 13:49:00,889] multiqc                                            [DEBUG  ]  Reordering sections: anchor 'strand_shift_correlation' not found for module 'FastQC'.
[2020-04-20 13:49:00,889] multiqc                                            [DEBUG  ]  Reordering sections: anchor 'NSC_coefficient' not found for module 'FastQC'.
[2020-04-20 13:49:00,889] multiqc                                            [DEBUG  ]  Reordering sections: anchor 'RSC_coefficient' not found for module 'FastQC'.
[2020-04-20 13:49:00,889] multiqc                                            [DEBUG  ]  Reordering sections: anchor 'peak_count' not found for module 'FastQC'.
[2020-04-20 13:49:00,889] multiqc                                            [DEBUG  ]  Reordering sections: anchor 'frip_score' not found for module 'FastQC'.
[2020-04-20 13:49:00,889] multiqc                                            [DEBUG  ]  Reordering sections: anchor 'peak_annotation' not found for module 'FastQC'.
[2020-04-20 13:49:00,889] multiqc                                            [DEBUG  ]  Reordering sections: anchor 'strand_shift_correlation' not found for module 'Preseq'.
[2020-04-20 13:49:00,889] multiqc                                            [DEBUG  ]  Reordering sections: anchor 'NSC_coefficient' not found for module 'Preseq'.
[2020-04-20 13:49:00,889] multiqc                                            [DEBUG  ]  Reordering sections: anchor 'RSC_coefficient' not found for module 'Preseq'.
[2020-04-20 13:49:00,889] multiqc                                            [DEBUG  ]  Reordering sections: anchor 'peak_count' not found for module 'Preseq'.
[2020-04-20 13:49:00,889] multiqc                                            [DEBUG  ]  Reordering sections: anchor 'frip_score' not found for module 'Preseq'.
[2020-04-20 13:49:00,889] multiqc                                            [DEBUG  ]  Reordering sections: anchor 'peak_annotation' not found for module 'Preseq'.
[2020-04-20 13:49:00,889] multiqc                                            [DEBUG  ]  Reordering sections: anchor 'strand_shift_correlation' not found for module 'MACS2: Peak count'.
[2020-04-20 13:49:00,890] multiqc                                            [DEBUG  ]  Reordering sections: anchor 'NSC_coefficient' not found for module 'MACS2: Peak count'.
[2020-04-20 13:49:00,890] multiqc                                            [DEBUG  ]  Reordering sections: anchor 'RSC_coefficient' not found for module 'MACS2: Peak count'.
[2020-04-20 13:49:00,890] multiqc                                            [DEBUG  ]  Reordering sections: anchor 'peak_count' not found for module 'MACS2: Peak count'.
[2020-04-20 13:49:00,890] multiqc                                            [DEBUG  ]  Reordering sections: anchor 'frip_score' not found for module 'MACS2: Peak count'.
[2020-04-20 13:49:00,890] multiqc                                            [DEBUG  ]  Reordering sections: anchor 'peak_annotation' not found for module 'MACS2: Peak count'.
[2020-04-20 13:49:00,890] multiqc                                            [DEBUG  ]  Reordering sections: anchor 'strand_shift_correlation' not found for module 'MACS2: Peak FRiP score'.
[2020-04-20 13:49:00,890] multiqc                                            [DEBUG  ]  Reordering sections: anchor 'NSC_coefficient' not found for module 'MACS2: Peak FRiP score'.
[2020-04-20 13:49:00,890] multiqc                                            [DEBUG  ]  Reordering sections: anchor 'RSC_coefficient' not found for module 'MACS2: Peak FRiP score'.
[2020-04-20 13:49:00,890] multiqc                                            [DEBUG  ]  Reordering sections: anchor 'peak_count' not found for module 'MACS2: Peak FRiP score'.
[2020-04-20 13:49:00,890] multiqc                                            [DEBUG  ]  Reordering sections: anchor 'frip_score' not found for module 'MACS2: Peak FRiP score'.
[2020-04-20 13:49:00,890] multiqc                                            [DEBUG  ]  Reordering sections: anchor 'peak_annotation' not found for module 'MACS2: Peak FRiP score'.
[2020-04-20 13:49:00,890] multiqc                                            [DEBUG  ]  Reordering sections: anchor 'strand_shift_correlation' not found for module 'Strand-shift correlation plot'.
[2020-04-20 13:49:00,890] multiqc                                            [DEBUG  ]  Reordering sections: anchor 'NSC_coefficient' not found for module 'Strand-shift correlation plot'.
[2020-04-20 13:49:00,890] multiqc                                            [DEBUG  ]  Reordering sections: anchor 'RSC_coefficient' not found for module 'Strand-shift correlation plot'.
[2020-04-20 13:49:00,890] multiqc                                            [DEBUG  ]  Reordering sections: anchor 'peak_count' not found for module 'Strand-shift correlation plot'.
[2020-04-20 13:49:00,890] multiqc                                            [DEBUG  ]  Reordering sections: anchor 'frip_score' not found for module 'Strand-shift correlation plot'.
[2020-04-20 13:49:00,890] multiqc                                            [DEBUG  ]  Reordering sections: anchor 'peak_annotation' not found for module 'Strand-shift correlation plot'.
[2020-04-20 13:49:00,890] multiqc                                            [DEBUG  ]  Reordering sections: anchor 'strand_shift_correlation' not found for module 'NSC coefficient'.
[2020-04-20 13:49:00,890] multiqc                                            [DEBUG  ]  Reordering sections: anchor 'NSC_coefficient' not found for module 'NSC coefficient'.
[2020-04-20 13:49:00,890] multiqc                                            [DEBUG  ]  Reordering sections: anchor 'RSC_coefficient' not found for module 'NSC coefficient'.
[2020-04-20 13:49:00,890] multiqc                                            [DEBUG  ]  Reordering sections: anchor 'peak_count' not found for module 'NSC coefficient'.
[2020-04-20 13:49:00,890] multiqc                                            [DEBUG  ]  Reordering sections: anchor 'frip_score' not found for module 'NSC coefficient'.
[2020-04-20 13:49:00,891] multiqc                                            [DEBUG  ]  Reordering sections: anchor 'peak_annotation' not found for module 'NSC coefficient'.
[2020-04-20 13:49:00,891] multiqc                                            [DEBUG  ]  Reordering sections: anchor 'strand_shift_correlation' not found for module 'RSC coefficient'.
[2020-04-20 13:49:00,891] multiqc                                            [DEBUG  ]  Reordering sections: anchor 'NSC_coefficient' not found for module 'RSC coefficient'.
[2020-04-20 13:49:00,891] multiqc                                            [DEBUG  ]  Reordering sections: anchor 'RSC_coefficient' not found for module 'RSC coefficient'.
[2020-04-20 13:49:00,891] multiqc                                            [DEBUG  ]  Reordering sections: anchor 'peak_count' not found for module 'RSC coefficient'.
[2020-04-20 13:49:00,891] multiqc                                            [DEBUG  ]  Reordering sections: anchor 'frip_score' not found for module 'RSC coefficient'.
[2020-04-20 13:49:00,891] multiqc                                            [DEBUG  ]  Reordering sections: anchor 'peak_annotation' not found for module 'RSC coefficient'.
[2020-04-20 13:49:00,903] multiqc                                            [INFO   ]  Compressing plot data
[2020-04-20 13:49:01,651] multiqc                                            [INFO   ]  Report      : multiqc_report.html
[2020-04-20 13:49:01,651] multiqc                                            [INFO   ]  Data        : multiqc_data
[2020-04-20 13:49:01,652] multiqc                                            [DEBUG  ]  Moving data file from '/scratch/4722311.torque6.curie.fr/tmplcl0uf0_/multiqc_data/multiqc_phantompeakqualtools.txt' to '/bioinfo/users/vlaroche/Documents/chip-seq/work/07/fb3f0cadeea3c520073d691b43c5da/multiqc_data'
[2020-04-20 13:49:01,659] multiqc                                            [DEBUG  ]  Moving data file from '/scratch/4722311.torque6.curie.fr/tmplcl0uf0_/multiqc_data/multiqc_fastqc.txt' to '/bioinfo/users/vlaroche/Documents/chip-seq/work/07/fb3f0cadeea3c520073d691b43c5da/multiqc_data'
[2020-04-20 13:49:01,665] multiqc                                            [DEBUG  ]  Moving data file from '/scratch/4722311.torque6.curie.fr/tmplcl0uf0_/multiqc_data/multiqc_general_stats.txt' to '/bioinfo/users/vlaroche/Documents/chip-seq/work/07/fb3f0cadeea3c520073d691b43c5da/multiqc_data'
[2020-04-20 13:49:01,670] multiqc                                            [DEBUG  ]  Moving data file from '/scratch/4722311.torque6.curie.fr/tmplcl0uf0_/multiqc_data/multiqc_sources.txt' to '/bioinfo/users/vlaroche/Documents/chip-seq/work/07/fb3f0cadeea3c520073d691b43c5da/multiqc_data'
[2020-04-20 13:49:01,676] multiqc                                            [DEBUG  ]  Moving data file from '/scratch/4722311.torque6.curie.fr/tmplcl0uf0_/multiqc_data/multiqc_data.json' to '/bioinfo/users/vlaroche/Documents/chip-seq/work/07/fb3f0cadeea3c520073d691b43c5da/multiqc_data'
[2020-04-20 13:49:01,856] multiqc                                            [INFO   ]  MultiQC complete
